Collecting joblib==0.17.0
  Using cached joblib-0.17.0-py3-none-any.whl (301 kB)
Collecting matplotlib==3.3.3
  Downloading matplotlib-3.3.3-cp37-cp37m-manylinux1_x86_64.whl (11.6 MB)
     ━━━━━━━━━━━━━━━━━━━━━━━━━━━━━━━━━━━━━━━━ 11.6/11.6 MB 2.9 MB/s eta 0:00:00
Collecting mlflow==1.12.1
  Using cached mlflow-1.12.1-py3-none-any.whl (13.9 MB)
Collecting numpy==1.19.2
  Downloading numpy-1.19.2-cp37-cp37m-manylinux2010_x86_64.whl (14.5 MB)
     ━━━━━━━━━━━━━━━━━━━━━━━━━━━━━━━━━━━━━━━━ 14.5/14.5 MB 3.6 MB/s eta 0:00:00
Collecting pandas==1.1.5
  Downloading pandas-1.1.5-cp37-cp37m-manylinux1_x86_64.whl (9.5 MB)
     ━━━━━━━━━━━━━━━━━━━━━━━━━━━━━━━━━━━━━━━━ 9.5/9.5 MB 2.7 MB/s eta 0:00:00
Collecting pymongo==4.0.1
  Downloading pymongo-4.0.1-cp37-cp37m-manylinux_2_17_x86_64.manylinux2014_x86_64.whl (452 kB)
     ━━━━━━━━━━━━━━━━━━━━━━━━━━━━━━━━━━━━━━━ 452.6/452.6 kB 2.7 MB/s eta 0:00:00
Collecting pyproj==3.0.1
  Downloading pyproj-3.0.1-cp37-cp37m-manylinux2010_x86_64.whl (6.5 MB)
     ━━━━━━━━━━━━━━━━━━━━━━━━━━━━━━━━━━━━━━━━ 6.5/6.5 MB 3.4 MB/s eta 0:00:00
Collecting scipy==1.5.4
  Downloading scipy-1.5.4-cp37-cp37m-manylinux1_x86_64.whl (25.9 MB)
     ━━━━━━━━━━━━━━━━━━━━━━━━━━━━━━━━━━━━━━━━ 25.9/25.9 MB 3.2 MB/s eta 0:00:00
ERROR: Ignored the following versions that require a different python version: 1.22.0 Requires-Python >=3.8; 1.22.0rc1 Requires-Python >=3.8; 1.22.0rc2 Requires-Python >=3.8; 1.22.0rc3 Requires-Python >=3.8; 1.22.1 Requires-Python >=3.8; 1.22.2 Requires-Python >=3.8; 1.22.3 Requires-Python >=3.8; 1.22.4 Requires-Python >=3.8; 1.23.0 Requires-Python >=3.8; 1.23.0rc1 Requires-Python >=3.8; 1.23.0rc2 Requires-Python >=3.8; 1.23.0rc3 Requires-Python >=3.8; 1.23.1 Requires-Python >=3.8; 1.23.2 Requires-Python >=3.8; 1.4.0 Requires-Python >=3.8; 1.4.0rc0 Requires-Python >=3.8; 1.4.1 Requires-Python >=3.8; 1.4.2 Requires-Python >=3.8; 1.4.3 Requires-Python >=3.8; 1.4.4 Requires-Python >=3.8; 1.5.0rc0 Requires-Python >=3.8; 1.8.0 Requires-Python >=3.8,<3.11; 1.8.0rc1 Requires-Python >=3.8,<3.11; 1.8.0rc2 Requires-Python >=3.8,<3.11; 1.8.0rc3 Requires-Python >=3.8,<3.11; 1.8.0rc4 Requires-Python >=3.8,<3.11; 1.8.1 Requires-Python >=3.8,<3.11; 1.9.0 Requires-Python >=3.8,<3.12; 1.9.0rc1 Requires-Python >=3.8,<3.12; 1.9.0rc2 Requires-Python >=3.8,<3.12; 1.9.0rc3 Requires-Python >=3.8,<3.12; 1.9.1 Requires-Python >=3.8,<3.12; 3.3.0 Requires-Python >=3.8; 3.3.1 Requires-Python >=3.8; 3.6.0rc1 Requires-Python >=3.8; 3.6.0rc2 Requires-Python >=3.8
ERROR: Could not find a version that satisfies the requirement torch==1.7.0+cu101 (from versions: 1.0.0, 1.0.1, 1.0.1.post2, 1.1.0, 1.2.0, 1.3.0, 1.3.1, 1.4.0, 1.5.0, 1.5.1, 1.6.0, 1.7.0, 1.7.1, 1.8.0, 1.8.1, 1.9.0, 1.9.1, 1.10.0, 1.10.1, 1.10.2, 1.11.0, 1.12.0, 1.12.1)
ERROR: No matching distribution found for torch==1.7.0+cu101
